<?xml version="1.0" encoding="UTF-8"?>
<!-- Generated by org.testng.reporters.JUnitXMLReporter -->
<testsuite hostname="RayDesktop" ignored="1" name="Default test" tests="7" failures="0" timestamp="2020-10-15T08:59:19 EDT" time="53.445" errors="0">
  <testcase name="usernameValidations" time="1.763" classname="testCases.LoginValidation"/>
  <testcase name="usernameValidations" time="1.049" classname="testCases.LoginValidation"/>
  <testcase name="usernameValidations" time="0.983" classname="testCases.LoginValidation"/>
  <testcase name="usernameValidations" time="0.979" classname="testCases.LoginValidation"/>
  <testcase name="usernameValidations" time="0.709" classname="testCases.LoginValidation"/>
  <testcase name="usernameValidations" time="0.825" classname="testCases.LoginValidation"/>
  <testcase name="usernameValidations" time="1.187" classname="testCases.LoginValidation"/>
  <testcase name="passwordValidations" time="0.0" classname="testCases.LoginValidation">
    <ignored/>
  </testcase> <!-- passwordValidations -->
</testsuite> <!-- Default test -->
