<?xml version="1.0" encoding="UTF-8"?>
<!-- Generated by org.testng.reporters.JUnitXMLReporter -->
<testsuite hostname="RayDesktop" ignored="0" name="Test" tests="13" failures="0" timestamp="2020-10-14T22:09:21 EDT" time="86.419" errors="0">
  <testcase name="passwordValidations" time="3.705" classname="testCases.LoginValidation"/>
  <testcase name="passwordValidations" time="1.539" classname="testCases.LoginValidation"/>
  <testcase name="passwordValidations" time="1.707" classname="testCases.LoginValidation"/>
  <testcase name="passwordValidations" time="2.012" classname="testCases.LoginValidation"/>
  <testcase name="passwordValidations" time="1.815" classname="testCases.LoginValidation"/>
  <testcase name="usernameValidations" time="2.813" classname="testCases.LoginValidation"/>
  <testcase name="usernameValidations" time="2.831" classname="testCases.LoginValidation"/>
  <testcase name="usernameValidations" time="2.828" classname="testCases.LoginValidation"/>
  <testcase name="usernameValidations" time="2.716" classname="testCases.LoginValidation"/>
  <testcase name="usernameValidations" time="2.784" classname="testCases.LoginValidation"/>
  <testcase name="usernameValidations" time="2.902" classname="testCases.LoginValidation"/>
  <testcase name="usernameValidations" time="2.898" classname="testCases.LoginValidation"/>
  <testcase name="logoutValidation" time="4.382" classname="testCases.LogoutValidation"/>
</testsuite> <!-- Test -->
