<?xml version="1.0" encoding="UTF-8"?>
<testng-results skipped="0" failed="0" ignored="0" total="13" passed="13">
  <reporter-output>
  </reporter-output>
  <suite name="Suite" duration-ms="86419" started-at="2020-10-14T22:07:55 EDT" finished-at="2020-10-14T22:09:21 EDT">
    <groups>
    </groups>
    <test name="Test" duration-ms="86419" started-at="2020-10-14T22:07:55 EDT" finished-at="2020-10-14T22:09:21 EDT">
      <class name="testCases.LogoutValidation">
        <test-method status="PASS" signature="initialize()[pri:0, instance:testCases.LogoutValidation@2d8f65a4]" name="initialize" is-config="true" duration-ms="3158" started-at="2020-10-14T22:09:13 EDT" finished-at="2020-10-14T22:09:16 EDT">
          <reporter-output>
          </reporter-output>
        </test-method> <!-- initialize -->
        <test-method status="PASS" signature="logoutValidation()[pri:0, instance:testCases.LogoutValidation@2d8f65a4]" name="logoutValidation" duration-ms="4382" started-at="2020-10-14T22:09:16 EDT" finished-at="2020-10-14T22:09:20 EDT">
          <reporter-output>
          </reporter-output>
        </test-method> <!-- logoutValidation -->
        <test-method status="PASS" signature="teardown()[pri:0, instance:testCases.LogoutValidation@2d8f65a4]" name="teardown" is-config="true" duration-ms="660" started-at="2020-10-14T22:09:20 EDT" finished-at="2020-10-14T22:09:21 EDT">
          <reporter-output>
          </reporter-output>
        </test-method> <!-- teardown -->
      </class> <!-- testCases.LogoutValidation -->
      <class name="testCases.LoginValidation">
        <test-method status="PASS" signature="initialize()[pri:0, instance:testCases.LoginValidation@27a8c74e]" name="initialize" is-config="true" duration-ms="3881" started-at="2020-10-14T22:07:55 EDT" finished-at="2020-10-14T22:07:59 EDT">
          <reporter-output>
          </reporter-output>
        </test-method> <!-- initialize -->
        <test-method status="PASS" signature="passwordValidations(java.lang.String, java.lang.String)[pri:0, instance:testCases.LoginValidation@27a8c74e]" name="passwordValidations" duration-ms="3705" started-at="2020-10-14T22:07:59 EDT" data-provider="getPassword" finished-at="2020-10-14T22:08:02 EDT">
          <params>
            <param index="0">
              <value>
                <![CDATA[Appium@558]]>
              </value>
            </param>
            <param index="1">
              <value>
                <![CDATA[Welcome, automation test]]>
              </value>
            </param>
          </params>
          <reporter-output>
          </reporter-output>
        </test-method> <!-- passwordValidations -->
        <test-method status="PASS" signature="teardown()[pri:0, instance:testCases.LoginValidation@27a8c74e]" name="teardown" is-config="true" duration-ms="630" started-at="2020-10-14T22:08:02 EDT" finished-at="2020-10-14T22:08:03 EDT">
          <reporter-output>
          </reporter-output>
        </test-method> <!-- teardown -->
        <test-method status="PASS" signature="initialize()[pri:0, instance:testCases.LoginValidation@27a8c74e]" name="initialize" is-config="true" duration-ms="3312" started-at="2020-10-14T22:08:03 EDT" finished-at="2020-10-14T22:08:06 EDT">
          <reporter-output>
          </reporter-output>
        </test-method> <!-- initialize -->
        <test-method status="PASS" signature="passwordValidations(java.lang.String, java.lang.String)[pri:0, instance:testCases.LoginValidation@27a8c74e]" name="passwordValidations" duration-ms="1539" started-at="2020-10-14T22:08:06 EDT" data-provider="getPassword" finished-at="2020-10-14T22:08:08 EDT">
          <params>
            <param index="0">
              <value>
                <![CDATA[]]>
              </value>
            </param>
            <param index="1">
              <value>
                <![CDATA[Enter a password]]>
              </value>
            </param>
          </params>
          <reporter-output>
          </reporter-output>
        </test-method> <!-- passwordValidations -->
        <test-method status="PASS" signature="teardown()[pri:0, instance:testCases.LoginValidation@27a8c74e]" name="teardown" is-config="true" duration-ms="623" started-at="2020-10-14T22:08:08 EDT" finished-at="2020-10-14T22:08:08 EDT">
          <reporter-output>
          </reporter-output>
        </test-method> <!-- teardown -->
        <test-method status="PASS" signature="initialize()[pri:0, instance:testCases.LoginValidation@27a8c74e]" name="initialize" is-config="true" duration-ms="3468" started-at="2020-10-14T22:08:08 EDT" finished-at="2020-10-14T22:08:12 EDT">
          <reporter-output>
          </reporter-output>
        </test-method> <!-- initialize -->
        <test-method status="PASS" signature="passwordValidations(java.lang.String, java.lang.String)[pri:0, instance:testCases.LoginValidation@27a8c74e]" name="passwordValidations" duration-ms="1707" started-at="2020-10-14T22:08:12 EDT" data-provider="getPassword" finished-at="2020-10-14T22:08:14 EDT">
          <params>
            <param index="0">
              <value>
                <![CDATA[ ]]>
              </value>
            </param>
            <param index="1">
              <value>
                <![CDATA[Enter your password]]>
              </value>
            </param>
          </params>
          <reporter-output>
          </reporter-output>
        </test-method> <!-- passwordValidations -->
        <test-method status="PASS" signature="teardown()[pri:0, instance:testCases.LoginValidation@27a8c74e]" name="teardown" is-config="true" duration-ms="614" started-at="2020-10-14T22:08:14 EDT" finished-at="2020-10-14T22:08:14 EDT">
          <reporter-output>
          </reporter-output>
        </test-method> <!-- teardown -->
        <test-method status="PASS" signature="initialize()[pri:0, instance:testCases.LoginValidation@27a8c74e]" name="initialize" is-config="true" duration-ms="3200" started-at="2020-10-14T22:08:14 EDT" finished-at="2020-10-14T22:08:17 EDT">
          <reporter-output>
          </reporter-output>
        </test-method> <!-- initialize -->
        <test-method status="PASS" signature="passwordValidations(java.lang.String, java.lang.String)[pri:0, instance:testCases.LoginValidation@27a8c74e]" name="passwordValidations" duration-ms="2012" started-at="2020-10-14T22:08:17 EDT" data-provider="getPassword" finished-at="2020-10-14T22:08:19 EDT">
          <params>
            <param index="0">
              <value>
                <![CDATA[cccccdddddlllll]]>
              </value>
            </param>
            <param index="1">
              <value>
                <![CDATA[Wrong password. Try again or click Forgot password to reset it.]]>
              </value>
            </param>
          </params>
          <reporter-output>
          </reporter-output>
        </test-method> <!-- passwordValidations -->
        <test-method status="PASS" signature="teardown()[pri:0, instance:testCases.LoginValidation@27a8c74e]" name="teardown" is-config="true" duration-ms="645" started-at="2020-10-14T22:08:19 EDT" finished-at="2020-10-14T22:08:20 EDT">
          <reporter-output>
          </reporter-output>
        </test-method> <!-- teardown -->
        <test-method status="PASS" signature="initialize()[pri:0, instance:testCases.LoginValidation@27a8c74e]" name="initialize" is-config="true" duration-ms="3169" started-at="2020-10-14T22:08:20 EDT" finished-at="2020-10-14T22:08:23 EDT">
          <reporter-output>
          </reporter-output>
        </test-method> <!-- initialize -->
        <test-method status="PASS" signature="passwordValidations(java.lang.String, java.lang.String)[pri:0, instance:testCases.LoginValidation@27a8c74e]" name="passwordValidations" duration-ms="1815" started-at="2020-10-14T22:08:23 EDT" data-provider="getPassword" finished-at="2020-10-14T22:08:25 EDT">
          <params>
            <param index="0">
              <value>
                <![CDATA[appium@558]]>
              </value>
            </param>
            <param index="1">
              <value>
                <![CDATA[Wrong password. Try again or click Forgot password to reset it.]]>
              </value>
            </param>
          </params>
          <reporter-output>
          </reporter-output>
        </test-method> <!-- passwordValidations -->
        <test-method status="PASS" signature="teardown()[pri:0, instance:testCases.LoginValidation@27a8c74e]" name="teardown" is-config="true" duration-ms="626" started-at="2020-10-14T22:08:25 EDT" finished-at="2020-10-14T22:08:26 EDT">
          <reporter-output>
          </reporter-output>
        </test-method> <!-- teardown -->
        <test-method status="PASS" signature="initialize()[pri:0, instance:testCases.LoginValidation@27a8c74e]" name="initialize" is-config="true" duration-ms="3183" started-at="2020-10-14T22:08:26 EDT" finished-at="2020-10-14T22:08:29 EDT">
          <reporter-output>
          </reporter-output>
        </test-method> <!-- initialize -->
        <test-method status="PASS" signature="usernameValidations(java.lang.String, java.lang.String)[pri:0, instance:testCases.LoginValidation@27a8c74e]" name="usernameValidations" duration-ms="2813" started-at="2020-10-14T22:08:29 EDT" data-provider="getUsername" finished-at="2020-10-14T22:08:32 EDT">
          <params>
            <param index="0">
              <value>
                <![CDATA[automation558@gmail.com]]>
              </value>
            </param>
            <param index="1">
              <value>
                <![CDATA[automation558@gmail.com]]>
              </value>
            </param>
          </params>
          <reporter-output>
          </reporter-output>
        </test-method> <!-- usernameValidations -->
        <test-method status="PASS" signature="teardown()[pri:0, instance:testCases.LoginValidation@27a8c74e]" name="teardown" is-config="true" duration-ms="630" started-at="2020-10-14T22:08:32 EDT" finished-at="2020-10-14T22:08:32 EDT">
          <reporter-output>
          </reporter-output>
        </test-method> <!-- teardown -->
        <test-method status="PASS" signature="initialize()[pri:0, instance:testCases.LoginValidation@27a8c74e]" name="initialize" is-config="true" duration-ms="3173" started-at="2020-10-14T22:08:32 EDT" finished-at="2020-10-14T22:08:35 EDT">
          <reporter-output>
          </reporter-output>
        </test-method> <!-- initialize -->
        <test-method status="PASS" signature="usernameValidations(java.lang.String, java.lang.String)[pri:0, instance:testCases.LoginValidation@27a8c74e]" name="usernameValidations" duration-ms="2831" started-at="2020-10-14T22:08:35 EDT" data-provider="getUsername" finished-at="2020-10-14T22:08:38 EDT">
          <params>
            <param index="0">
              <value>
                <![CDATA[automation559@gmail.com]]>
              </value>
            </param>
            <param index="1">
              <value>
                <![CDATA[Couldn't find your Google Account]]>
              </value>
            </param>
          </params>
          <reporter-output>
          </reporter-output>
        </test-method> <!-- usernameValidations -->
        <test-method status="PASS" signature="teardown()[pri:0, instance:testCases.LoginValidation@27a8c74e]" name="teardown" is-config="true" duration-ms="659" started-at="2020-10-14T22:08:38 EDT" finished-at="2020-10-14T22:08:39 EDT">
          <reporter-output>
          </reporter-output>
        </test-method> <!-- teardown -->
        <test-method status="PASS" signature="initialize()[pri:0, instance:testCases.LoginValidation@27a8c74e]" name="initialize" is-config="true" duration-ms="3738" started-at="2020-10-14T22:08:39 EDT" finished-at="2020-10-14T22:08:43 EDT">
          <reporter-output>
          </reporter-output>
        </test-method> <!-- initialize -->
        <test-method status="PASS" signature="usernameValidations(java.lang.String, java.lang.String)[pri:0, instance:testCases.LoginValidation@27a8c74e]" name="usernameValidations" duration-ms="2828" started-at="2020-10-14T22:08:43 EDT" data-provider="getUsername" finished-at="2020-10-14T22:08:45 EDT">
          <params>
            <param index="0">
              <value>
                <![CDATA[6472999999]]>
              </value>
            </param>
            <param index="1">
              <value>
                <![CDATA[Couldn't find your Google Account. Try using your email address instead.]]>
              </value>
            </param>
          </params>
          <reporter-output>
          </reporter-output>
        </test-method> <!-- usernameValidations -->
        <test-method status="PASS" signature="teardown()[pri:0, instance:testCases.LoginValidation@27a8c74e]" name="teardown" is-config="true" duration-ms="623" started-at="2020-10-14T22:08:45 EDT" finished-at="2020-10-14T22:08:46 EDT">
          <reporter-output>
          </reporter-output>
        </test-method> <!-- teardown -->
        <test-method status="PASS" signature="initialize()[pri:0, instance:testCases.LoginValidation@27a8c74e]" name="initialize" is-config="true" duration-ms="3171" started-at="2020-10-14T22:08:46 EDT" finished-at="2020-10-14T22:08:49 EDT">
          <reporter-output>
          </reporter-output>
        </test-method> <!-- initialize -->
        <test-method status="PASS" signature="usernameValidations(java.lang.String, java.lang.String)[pri:0, instance:testCases.LoginValidation@27a8c74e]" name="usernameValidations" duration-ms="2716" started-at="2020-10-14T22:08:49 EDT" data-provider="getUsername" finished-at="2020-10-14T22:08:52 EDT">
          <params>
            <param index="0">
              <value>
                <![CDATA[cccccdddddlllll]]>
              </value>
            </param>
            <param index="1">
              <value>
                <![CDATA[Couldn't find your Google Account]]>
              </value>
            </param>
          </params>
          <reporter-output>
          </reporter-output>
        </test-method> <!-- usernameValidations -->
        <test-method status="PASS" signature="teardown()[pri:0, instance:testCases.LoginValidation@27a8c74e]" name="teardown" is-config="true" duration-ms="626" started-at="2020-10-14T22:08:52 EDT" finished-at="2020-10-14T22:08:53 EDT">
          <reporter-output>
          </reporter-output>
        </test-method> <!-- teardown -->
        <test-method status="PASS" signature="initialize()[pri:0, instance:testCases.LoginValidation@27a8c74e]" name="initialize" is-config="true" duration-ms="3147" started-at="2020-10-14T22:08:53 EDT" finished-at="2020-10-14T22:08:56 EDT">
          <reporter-output>
          </reporter-output>
        </test-method> <!-- initialize -->
        <test-method status="PASS" signature="usernameValidations(java.lang.String, java.lang.String)[pri:0, instance:testCases.LoginValidation@27a8c74e]" name="usernameValidations" duration-ms="2784" started-at="2020-10-14T22:08:56 EDT" data-provider="getUsername" finished-at="2020-10-14T22:08:59 EDT">
          <params>
            <param index="0">
              <value>
                <![CDATA[]]>
              </value>
            </param>
            <param index="1">
              <value>
                <![CDATA[Enter an email or phone number]]>
              </value>
            </param>
          </params>
          <reporter-output>
          </reporter-output>
        </test-method> <!-- usernameValidations -->
        <test-method status="PASS" signature="teardown()[pri:0, instance:testCases.LoginValidation@27a8c74e]" name="teardown" is-config="true" duration-ms="645" started-at="2020-10-14T22:08:59 EDT" finished-at="2020-10-14T22:08:59 EDT">
          <reporter-output>
          </reporter-output>
        </test-method> <!-- teardown -->
        <test-method status="PASS" signature="initialize()[pri:0, instance:testCases.LoginValidation@27a8c74e]" name="initialize" is-config="true" duration-ms="3159" started-at="2020-10-14T22:08:59 EDT" finished-at="2020-10-14T22:09:02 EDT">
          <reporter-output>
          </reporter-output>
        </test-method> <!-- initialize -->
        <test-method status="PASS" signature="usernameValidations(java.lang.String, java.lang.String)[pri:0, instance:testCases.LoginValidation@27a8c74e]" name="usernameValidations" duration-ms="2902" started-at="2020-10-14T22:09:02 EDT" data-provider="getUsername" finished-at="2020-10-14T22:09:05 EDT">
          <params>
            <param index="0">
              <value>
                <![CDATA[ ]]>
              </value>
            </param>
            <param index="1">
              <value>
                <![CDATA[Enter an email or phone number]]>
              </value>
            </param>
          </params>
          <reporter-output>
          </reporter-output>
        </test-method> <!-- usernameValidations -->
        <test-method status="PASS" signature="teardown()[pri:0, instance:testCases.LoginValidation@27a8c74e]" name="teardown" is-config="true" duration-ms="893" started-at="2020-10-14T22:09:05 EDT" finished-at="2020-10-14T22:09:06 EDT">
          <reporter-output>
          </reporter-output>
        </test-method> <!-- teardown -->
        <test-method status="PASS" signature="initialize()[pri:0, instance:testCases.LoginValidation@27a8c74e]" name="initialize" is-config="true" duration-ms="3188" started-at="2020-10-14T22:09:06 EDT" finished-at="2020-10-14T22:09:09 EDT">
          <reporter-output>
          </reporter-output>
        </test-method> <!-- initialize -->
        <test-method status="PASS" signature="usernameValidations(java.lang.String, java.lang.String)[pri:0, instance:testCases.LoginValidation@27a8c74e]" name="usernameValidations" duration-ms="2898" started-at="2020-10-14T22:09:09 EDT" data-provider="getUsername" finished-at="2020-10-14T22:09:12 EDT">
          <params>
            <param index="0">
              <value>
                <![CDATA[!!!!!@@@@@]]>
              </value>
            </param>
            <param index="1">
              <value>
                <![CDATA[Enter a valid email or phone number]]>
              </value>
            </param>
          </params>
          <reporter-output>
          </reporter-output>
        </test-method> <!-- usernameValidations -->
        <test-method status="PASS" signature="teardown()[pri:0, instance:testCases.LoginValidation@27a8c74e]" name="teardown" is-config="true" duration-ms="628" started-at="2020-10-14T22:09:12 EDT" finished-at="2020-10-14T22:09:13 EDT">
          <reporter-output>
          </reporter-output>
        </test-method> <!-- teardown -->
      </class> <!-- testCases.LoginValidation -->
    </test> <!-- Test -->
  </suite> <!-- Suite -->
</testng-results>
